DECLARE           line 1 column 1-8 is DECLARE 

@           line 1 column 9-10 is ARROBA 

sid_in           line 1 column 10-16 is IDENTIFICADOR 

VARCHAR           line 1 column 17-24 is VARCHAR 

(           line 1 column 24-25 is PARENTESISIZQ 

100           line 1 column 25-28 is CONSTANTE_ENTERA 

)           line 1 column 28-29 is PARENTESISDER 

;           line 1 column 29-30 is PUNTOYCOMA 

SET           line 2 column 1-4 is SET 

@           line 2 column 5-6 is ARROBA 

sid_in           line 2 column 6-12 is IDENTIFICADOR 

=           line 2 column 13-14 is ASIGNAR 

'S-1-5-21-789336058-1580436667-1343024091-34374'           line 2 column 15-63 is STRING 

;           line 2 column 63-64 is PUNTOYCOMA 

DECLARE           line 4 column 1-8 is DECLARE 

@           line 4 column 9-10 is ARROBA 

sql           line 4 column 10-13 is IDENTIFICADOR 

NVARCHAR           line 4 column 14-22 is IDENTIFICADOR 

(           line 4 column 22-23 is PARENTESISIZQ 

MAX           line 4 column 23-26 is MAX 

)           line 4 column 26-27 is PARENTESISDER 

=           line 4 column 28-29 is ASIGNAR 

'CREATE LOGIN [URL\dagutierrez] WITH SID = '           line 4 column 30-74 is STRING 

+           line 4 column 75-76 is SUMA 

CONVERT           line 4 column 77-84 is CONVERT 

(           line 4 column 84-85 is PARENTESISIZQ 

VARCHAR           line 4 column 85-92 is VARCHAR 

(           line 4 column 92-93 is PARENTESISIZQ 

64           line 4 column 93-95 is CONSTANTE_ENTERA 

)           line 4 column 95-96 is PARENTESISDER 

,           line 4 column 96-97 is COMA 

CONVERT           line 4 column 98-105 is CONVERT 

(           line 4 column 105-106 is PARENTESISIZQ 

BINARY           line 4 column 106-112 is IDENTIFICADOR 

(           line 4 column 112-113 is PARENTESISIZQ 

16           line 4 column 113-115 is CONSTANTE_ENTERA 

)           line 4 column 115-116 is PARENTESISDER 

,           line 4 column 116-117 is COMA 

SID_BINARY           line 4 column 117-127 is IDENTIFICADOR 

(           line 4 column 127-128 is PARENTESISIZQ 

@           line 4 column 128-129 is ARROBA 

sid_in           line 4 column 129-135 is IDENTIFICADOR 

)           line 4 column 135-136 is PARENTESISDER 

)           line 4 column 136-137 is PARENTESISDER 

,           line 4 column 137-138 is COMA 

1           line 4 column 139-140 is CONSTANTE_BOOLEANA 

)           line 4 column 140-141 is PARENTESISDER 

+           line 4 column 142-143 is SUMA 

';'           line 4 column 144-147 is STRING 

;           line 4 column 147-148 is PUNTOYCOMA 

PRINT           line 6 column 1-6 is PRINT 

@           line 6 column 7-8 is ARROBA 

sql           line 6 column 8-11 is IDENTIFICADOR 

EXEC           line 7 column 1-5 is EXEC 

sys           line 7 column 6-9 is IDENTIFICADOR 

.           line 7 column 9-10 is PUNTO 

sp_executesql           line 7 column 10-23 is IDENTIFICADOR 

@           line 7 column 24-25 is ARROBA 

sql           line 7 column 25-28 is IDENTIFICADOR 

;           line 7 column 28-29 is PUNTOYCOMA 

1580436667           line 10 column 56-66 is CONSTANTE_ENTERA 

-           line 10 column 66-67 is RESTA 

1343024091           line 10 column 67-77 is CONSTANTE_ENTERA 

-           line 10 column 77-78 is RESTA 

34374           line 10 column 78-83 is CONSTANTE_ENTERA 

*** Error line 10** Unrecognized char: '''

;           line 10 column 84-85 is PUNTOYCOMA 

*           line 10 column 85-86 is MULTIPLICACION 

/           line 10 column 86-87 is DIVISION 

SELECT           line 14 column 1-7 is SELECT 

SUSER_SNAME           line 14 column 8-19 is IDENTIFICADOR 

(           line 14 column 19-20 is PARENTESISIZQ 

CONVERT           line 14 column 20-27 is CONVERT 

(           line 14 column 27-28 is PARENTESISIZQ 

BINARY           line 14 column 28-34 is IDENTIFICADOR 

(           line 14 column 34-35 is PARENTESISIZQ 

16           line 14 column 35-37 is CONSTANTE_ENTERA 

)           line 14 column 37-38 is PARENTESISDER 

,           line 14 column 38-39 is COMA 

SID_BINARY           line 14 column 39-49 is IDENTIFICADOR 

(           line 14 column 49-50 is PARENTESISIZQ 

@           line 14 column 50-51 is ARROBA 

sid_in           line 14 column 51-57 is IDENTIFICADOR 

)           line 14 column 57-58 is PARENTESISDER 

)           line 14 column 58-59 is PARENTESISDER 

)           line 14 column 59-60 is PARENTESISDER 

;           line 14 column 60-61 is PUNTOYCOMA 

ALTER           line 17 column 1-6 is ALTER 

TABLE           line 17 column 7-12 is TABLE 

[           line 17 column 13-14 is CORCHETEIZQ 

dbo           line 17 column 14-17 is IDENTIFICADOR 

]           line 17 column 17-18 is CORCHETEDER 

.           line 17 column 18-19 is PUNTO 

[           line 17 column 19-20 is CORCHETEIZQ 

InformeViajes           line 17 column 20-33 is IDENTIFICADOR 

]           line 17 column 33-34 is CORCHETEDER 

DROP           line 17 column 35-39 is DROP 

CONSTRAINT           line 17 column 40-50 is CONSTRAINT 

[           line 17 column 51-52 is CORCHETEIZQ 

FK__InformeVi__NITCo__6A30C649           line 17 column 52-82 is IDENTIFICADOR 

]           line 17 column 82-83 is CORCHETEDER 

GO           line 18 column 1-3 is GO 

ALTER           line 19 column 1-6 is ALTER 

TABLE           line 19 column 7-12 is TABLE 

[           line 19 column 13-14 is CORCHETEIZQ 

dbo           line 19 column 14-17 is IDENTIFICADOR 

]           line 19 column 17-18 is CORCHETEDER 

.           line 19 column 18-19 is PUNTO 

[           line 19 column 19-20 is CORCHETEIZQ 

InformeViajes           line 19 column 20-33 is IDENTIFICADOR 

]           line 19 column 33-34 is CORCHETEDER 

DROP           line 19 column 35-39 is DROP 

CONSTRAINT           line 19 column 40-50 is CONSTRAINT 

[           line 19 column 51-52 is CORCHETEIZQ 

FK__InformeVi__Codig__6B24EA82           line 19 column 52-82 is IDENTIFICADOR 

]           line 19 column 82-83 is CORCHETEDER 

GO           line 20 column 1-3 is GO 

ALTER           line 21 column 1-6 is ALTER 

TABLE           line 21 column 7-12 is TABLE 

[           line 21 column 13-14 is CORCHETEIZQ 

dbo           line 21 column 14-17 is IDENTIFICADOR 

]           line 21 column 17-18 is CORCHETEDER 

.           line 21 column 18-19 is PUNTO 

[           line 21 column 19-20 is CORCHETEIZQ 

Inactividad           line 21 column 20-31 is IDENTIFICADOR 

]           line 21 column 31-32 is CORCHETEDER 

DROP           line 21 column 33-37 is DROP 

CONSTRAINT           line 21 column 38-48 is CONSTRAINT 

[           line 21 column 49-50 is CORCHETEIZQ 

FK__Inactivid__Placa__4CA06362           line 21 column 50-80 is IDENTIFICADOR 

]           line 21 column 80-81 is CORCHETEDER 

GO           line 22 column 1-3 is GO 

ALTER           line 23 column 1-6 is ALTER 

TABLE           line 23 column 7-12 is TABLE 

[           line 23 column 13-14 is CORCHETEIZQ 

dbo           line 23 column 14-17 is IDENTIFICADOR 

]           line 23 column 17-18 is CORCHETEDER 

.           line 23 column 18-19 is PUNTO 

[           line 23 column 19-20 is CORCHETEIZQ 

Despidos           line 23 column 20-28 is IDENTIFICADOR 

]           line 23 column 28-29 is CORCHETEDER 

DROP           line 23 column 30-34 is DROP 

CONSTRAINT           line 23 column 35-45 is CONSTRAINT 

[           line 23 column 46-47 is CORCHETEIZQ 

FK__Despidos__NITDes__59063A47           line 23 column 47-77 is IDENTIFICADOR 

]           line 23 column 77-78 is CORCHETEDER 

GO           line 24 column 1-3 is GO 

ALTER           line 25 column 1-6 is ALTER 

TABLE           line 25 column 7-12 is TABLE 

[           line 25 column 13-14 is CORCHETEIZQ 

dbo           line 25 column 14-17 is IDENTIFICADOR 

]           line 25 column 17-18 is CORCHETEDER 

.           line 25 column 18-19 is PUNTO 

[           line 25 column 19-20 is CORCHETEIZQ 

Conductor           line 25 column 20-29 is IDENTIFICADOR 

]           line 25 column 29-30 is CORCHETEDER 

DROP           line 25 column 31-35 is DROP 

CONSTRAINT           line 25 column 36-46 is CONSTRAINT 

[           line 25 column 47-48 is CORCHETEIZQ 

FK__Conductor__Placa__5070F446           line 25 column 48-78 is IDENTIFICADOR 

]           line 25 column 78-79 is CORCHETEDER 

GO           line 26 column 1-3 is GO 

ALTER           line 27 column 1-6 is ALTER 

TABLE           line 27 column 7-12 is TABLE 

[           line 27 column 13-14 is CORCHETEIZQ 

dbo           line 27 column 14-17 is IDENTIFICADOR 

]           line 27 column 17-18 is CORCHETEDER 

.           line 27 column 18-19 is PUNTO 

[           line 27 column 19-20 is CORCHETEIZQ 

Conductor           line 27 column 20-29 is IDENTIFICADOR 

]           line 27 column 29-30 is CORCHETEDER 

DROP           line 27 column 31-35 is DROP 

CONSTRAINT           line 27 column 36-46 is CONSTRAINT 

[           line 27 column 47-48 is CORCHETEIZQ 

FK__Conductor__NITCo__4F7CD00D           line 27 column 48-78 is IDENTIFICADOR 

]           line 27 column 78-79 is CORCHETEDER 

GO           line 28 column 1-3 is GO 

ALTER           line 29 column 1-6 is ALTER 

TABLE           line 29 column 7-12 is TABLE 

[           line 29 column 13-14 is CORCHETEIZQ 

dbo           line 29 column 14-17 is IDENTIFICADOR 

]           line 29 column 17-18 is CORCHETEDER 

.           line 29 column 18-19 is PUNTO 

[           line 29 column 19-20 is CORCHETEIZQ 

Averia_Reparacion           line 29 column 20-37 is IDENTIFICADOR 

]           line 29 column 37-38 is CORCHETEDER 

DROP           line 29 column 39-43 is DROP 

CONSTRAINT           line 29 column 44-54 is CONSTRAINT 

[           line 29 column 55-56 is CORCHETEIZQ 

FK__Averia_Re__Pieza__6477ECF3           line 29 column 56-86 is IDENTIFICADOR 

]           line 29 column 86-87 is CORCHETEDER 

GO           line 30 column 1-3 is GO 

CREATE           line 32 column 1-7 is CREATE 

TABLE           line 32 column 8-13 is TABLE 

[           line 32 column 14-15 is CORCHETEIZQ 

dbo           line 32 column 15-18 is IDENTIFICADOR 

]           line 32 column 18-19 is CORCHETEDER 

.           line 32 column 19-20 is PUNTO 

[           line 32 column 20-21 is CORCHETEIZQ 

Reparaciones           line 32 column 21-33 is IDENTIFICADOR 

]           line 32 column 33-34 is CORCHETEDER 

(           line 32 column 34-35 is PARENTESISIZQ 

[           line 33 column 2-3 is CORCHETEIZQ 

Codigo           line 33 column 3-9 is IDENTIFICADOR 

]           line 33 column 9-10 is CORCHETEDER 

[           line 33 column 11-12 is CORCHETEIZQ 

int           line 33 column 12-15 is IDENTIFICADOR 

]           line 33 column 15-16 is CORCHETEDER 

IDENTITY           line 33 column 17-25 is IDENTITY 

(           line 33 column 25-26 is PARENTESISIZQ 

1           line 33 column 26-27 is CONSTANTE_BOOLEANA 

,           line 33 column 27-28 is COMA 

1           line 33 column 28-29 is CONSTANTE_BOOLEANA 

)           line 33 column 29-30 is PARENTESISDER 

NOT           line 33 column 31-34 is NOT 

NULL           line 33 column 35-39 is CONSTANTE_BOOLEANA 

,           line 33 column 39-40 is COMA 

[           line 34 column 2-3 is CORCHETEIZQ 

NIT_Mecanico           line 34 column 3-15 is IDENTIFICADOR 

]           line 34 column 15-16 is CORCHETEDER 

[           line 34 column 17-18 is CORCHETEIZQ 

nvarchar           line 34 column 18-26 is IDENTIFICADOR 

]           line 34 column 26-27 is CORCHETEDER 

(           line 34 column 27-28 is PARENTESISIZQ 

128           line 34 column 28-31 is CONSTANTE_ENTERA 

)           line 34 column 31-32 is PARENTESISDER 

NULL           line 34 column 33-37 is CONSTANTE_BOOLEANA 

,           line 34 column 37-38 is COMA 

[           line 35 column 2-3 is CORCHETEIZQ 

FechaReparacion           line 35 column 3-18 is IDENTIFICADOR 

]           line 35 column 18-19 is CORCHETEDER 

[           line 35 column 20-21 is CORCHETEIZQ 

date           line 35 column 21-25 is IDENTIFICADOR 

]           line 35 column 25-26 is CORCHETEDER 

NOT           line 35 column 27-30 is NOT 

NULL           line 35 column 31-35 is CONSTANTE_BOOLEANA 

,           line 35 column 35-36 is COMA 

[           line 36 column 2-3 is CORCHETEIZQ 

PlacaBus           line 36 column 3-11 is IDENTIFICADOR 

]           line 36 column 11-12 is CORCHETEDER 

[           line 36 column 13-14 is CORCHETEIZQ 

nvarchar           line 36 column 14-22 is IDENTIFICADOR 

]           line 36 column 22-23 is CORCHETEDER 

(           line 36 column 23-24 is PARENTESISIZQ 

128           line 36 column 24-27 is CONSTANTE_ENTERA 

)           line 36 column 27-28 is PARENTESISDER 

NULL           line 36 column 29-33 is CONSTANTE_BOOLEANA 

,           line 36 column 33-34 is COMA 

PRIMARY           line 37 column 1-8 is PRIMARY 

KEY           line 37 column 9-12 is KEY 

CLUSTERED           line 37 column 13-22 is CLUSTERED 

(           line 38 column 1-2 is PARENTESISIZQ 

[           line 39 column 2-3 is CORCHETEIZQ 

Codigo           line 39 column 3-9 is IDENTIFICADOR 

]           line 39 column 9-10 is CORCHETEDER 

ASC           line 39 column 11-14 is ASC 

)           line 40 column 1-2 is PARENTESISDER 

)           line 41 column 1-2 is PARENTESISDER 

ON           line 41 column 3-5 is ON 

[           line 41 column 6-7 is CORCHETEIZQ 

PRIMARY           line 41 column 7-14 is PRIMARY 

]           line 41 column 14-15 is CORCHETEDER 

GO           line 42 column 1-3 is GO 

SET           line 44 column 1-4 is SET 

ANSI_NULLS           line 44 column 5-15 is IDENTIFICADOR 

ON           line 44 column 16-18 is ON 

GO           line 45 column 1-3 is GO 

SET           line 46 column 1-4 is SET 

QUOTED_IDENTIFIER           line 46 column 5-22 is IDENTIFICADOR 

ON           line 46 column 23-25 is ON 

GO           line 47 column 1-3 is GO 

CREATE           line 48 column 1-7 is CREATE 

TABLE           line 48 column 8-13 is TABLE 

[           line 48 column 14-15 is CORCHETEIZQ 

dbo           line 48 column 15-18 is IDENTIFICADOR 

]           line 48 column 18-19 is CORCHETEDER 

.           line 48 column 19-20 is PUNTO 

[           line 48 column 20-21 is CORCHETEIZQ 

Rutas           line 48 column 21-26 is IDENTIFICADOR 

]           line 48 column 26-27 is CORCHETEDER 

(           line 48 column 27-28 is PARENTESISIZQ 

[           line 49 column 2-3 is CORCHETEIZQ 

Codigo           line 49 column 3-9 is IDENTIFICADOR 

]           line 49 column 9-10 is CORCHETEDER 

[           line 49 column 11-12 is CORCHETEIZQ 

int           line 49 column 12-15 is IDENTIFICADOR 

]           line 49 column 15-16 is CORCHETEDER 

IDENTITY           line 49 column 17-25 is IDENTITY 

(           line 49 column 25-26 is PARENTESISIZQ 

1           line 49 column 26-27 is CONSTANTE_BOOLEANA 

,           line 49 column 27-28 is COMA 

1           line 49 column 28-29 is CONSTANTE_BOOLEANA 

)           line 49 column 29-30 is PARENTESISDER 

NOT           line 49 column 31-34 is NOT 

NULL           line 49 column 35-39 is CONSTANTE_BOOLEANA 

,           line 49 column 39-40 is COMA 

[           line 50 column 2-3 is CORCHETEIZQ 

Origen           line 50 column 3-9 is IDENTIFICADOR 

]           line 50 column 9-10 is CORCHETEDER 

[           line 50 column 11-12 is CORCHETEIZQ 

nvarchar           line 50 column 12-20 is IDENTIFICADOR 

]           line 50 column 20-21 is CORCHETEDER 

(           line 50 column 21-22 is PARENTESISIZQ 

128           line 50 column 22-25 is CONSTANTE_ENTERA 

)           line 50 column 25-26 is PARENTESISDER 

NOT           line 50 column 27-30 is NOT 

NULL           line 50 column 31-35 is CONSTANTE_BOOLEANA 

,           line 50 column 35-36 is COMA 

[           line 51 column 2-3 is CORCHETEIZQ 

Destino           line 51 column 3-10 is IDENTIFICADOR 

]           line 51 column 10-11 is CORCHETEDER 

[           line 51 column 12-13 is CORCHETEIZQ 

nvarchar           line 51 column 13-21 is IDENTIFICADOR 

]           line 51 column 21-22 is CORCHETEDER 

(           line 51 column 22-23 is PARENTESISIZQ 

128           line 51 column 23-26 is CONSTANTE_ENTERA 

)           line 51 column 26-27 is PARENTESISDER 

NOT           line 51 column 28-31 is NOT 

NULL           line 51 column 32-36 is CONSTANTE_BOOLEANA 

,           line 51 column 36-37 is COMA 

[           line 52 column 2-3 is CORCHETEIZQ 

Tiempo           line 52 column 3-9 is IDENTIFICADOR 

]           line 52 column 9-10 is CORCHETEDER 

[           line 52 column 11-12 is CORCHETEIZQ 

nvarchar           line 52 column 12-20 is IDENTIFICADOR 

]           line 52 column 20-21 is CORCHETEDER 

(           line 52 column 21-22 is PARENTESISIZQ 

128           line 52 column 22-25 is CONSTANTE_ENTERA 

)           line 52 column 25-26 is PARENTESISDER 

NOT           line 52 column 27-30 is NOT 

NULL           line 52 column 31-35 is CONSTANTE_BOOLEANA 

,           line 52 column 35-36 is COMA 

[           line 53 column 2-3 is CORCHETEIZQ 

Costo           line 53 column 3-8 is IDENTIFICADOR 

]           line 53 column 8-9 is CORCHETEDER 

[           line 53 column 10-11 is CORCHETEIZQ 

int           line 53 column 11-14 is IDENTIFICADOR 

]           line 53 column 14-15 is CORCHETEDER 

NULL           line 53 column 16-20 is CONSTANTE_BOOLEANA 

,           line 53 column 20-21 is COMA 

PRIMARY           line 54 column 1-8 is PRIMARY 

KEY           line 54 column 9-12 is KEY 

CLUSTERED           line 54 column 13-22 is CLUSTERED 

(           line 55 column 1-2 is PARENTESISIZQ 

[           line 56 column 2-3 is CORCHETEIZQ 

Codigo           line 56 column 3-9 is IDENTIFICADOR 

]           line 56 column 9-10 is CORCHETEDER 

ASC           line 56 column 11-14 is ASC 

)           line 57 column 1-2 is PARENTESISDER 

)           line 58 column 1-2 is PARENTESISDER 

ON           line 58 column 3-5 is ON 

[           line 58 column 6-7 is CORCHETEIZQ 

PRIMARY           line 58 column 7-14 is PRIMARY 

]           line 58 column 14-15 is CORCHETEDER 

GO           line 59 column 1-3 is GO 

DECLARE           line 61 column 1-8 is DECLARE 

@           line 61 column 9-10 is ARROBA 

var           line 61 column 10-13 is IDENTIFICADOR 

CHAR           line 61 column 14-18 is CHAR 

(           line 61 column 18-19 is PARENTESISIZQ 

100           line 61 column 19-22 is CONSTANTE_ENTERA 

)           line 61 column 22-23 is PARENTESISDER 

;           line 61 column 23-24 is PUNTOYCOMA 

set           line 62 column 1-4 is IDENTIFICADOR 

@           line 62 column 5-6 is ARROBA 

var           line 62 column 6-9 is IDENTIFICADOR 

=           line 62 column 10-11 is ASIGNAR 

*** Error line 62** Unrecognized char: '$'

'?'           line 62 column 13-16 is STRING 

;           line 62 column 16-17 is PUNTOYCOMA 

DROP           line 65 column 1-5 is DROP 

DATABASE           line 65 column 6-14 is DATABASE 

[           line 65 column 15-16 is CORCHETEIZQ 

LineaDorada           line 65 column 16-27 is IDENTIFICADOR 

]           line 65 column 27-28 is CORCHETEDER 

GO           line 66 column 1-3 is GO 

CREATE           line 68 column 1-7 is CREATE 

DATABASE           line 68 column 8-16 is DATABASE 

[           line 68 column 17-18 is CORCHETEIZQ 

LineaDorada           line 68 column 18-29 is IDENTIFICADOR 

]           line 68 column 29-30 is CORCHETEDER 

CONTAINMENT           line 69 column 2-13 is IDENTIFICADOR 

=           line 69 column 14-15 is ASIGNAR 

NULL           line 69 column 16-20 is CONSTANTE_BOOLEANA 

ON           line 70 column 2-4 is ON 

PRIMARY           line 70 column 6-13 is PRIMARY 

(           line 71 column 1-2 is PARENTESISIZQ 

NAME           line 71 column 3-7 is IDENTIFICADOR 

=           line 71 column 8-9 is ASIGNAR 

'LineaDorada'           line 71 column 10-23 is STRING 

,           line 71 column 23-24 is COMA 

FILENAME           line 71 column 25-33 is IDENTIFICADOR 

=           line 71 column 34-35 is ASIGNAR 

'D:\NDocuments\SQL\MSSQL14.MSSQLSERVER\MSSQL\DATA\LineaDorada.mdf'           line 71 column 36-102 is STRING 

,           line 71 column 103-104 is COMA 

SIZE           line 71 column 105-109 is SIZE 

=           line 71 column 110-111 is ASIGNAR 

0           line 71 column 112-113 is CONSTANTE_BOOLEANA 

X8192KB           line 71 column 113-120 is IDENTIFICADOR 

,           line 71 column 121-122 is COMA 

MAXSIZE           line 71 column 123-130 is IDENTIFICADOR 

=           line 71 column 131-132 is ASIGNAR 

UNLIMITED           line 71 column 133-142 is IDENTIFICADOR 

,           line 71 column 142-143 is COMA 

FILEGROWTH           line 71 column 144-154 is IDENTIFICADOR 

=           line 71 column 155-156 is ASIGNAR 

00000000000.00000000022e+2           line 71 column 157-183 is FLOAT 

)           line 71 column 184-185 is PARENTESISDER 

LOG           line 72 column 2-5 is IDENTIFICADOR 

ON           line 72 column 6-8 is ON 

(           line 73 column 1-2 is PARENTESISIZQ 

NAME           line 73 column 3-7 is IDENTIFICADOR 

=           line 73 column 8-9 is ASIGNAR 

'LineaDorada_log'           line 73 column 10-27 is STRING 

,           line 73 column 27-28 is COMA 

FILENAME           line 73 column 29-37 is IDENTIFICADOR 

=           line 73 column 38-39 is ASIGNAR 

'D:\NDocuments\SQL\MSSQL14.MSSQLSERVER\MSSQL\Log\LineaDorada_log.ldf'           line 73 column 40-109 is STRING 

,           line 73 column 110-111 is COMA 

SIZE           line 73 column 112-116 is SIZE 

=           line 73 column 117-118 is ASIGNAR 

8192           line 73 column 119-123 is CONSTANTE_ENTERA 

KB           line 73 column 123-125 is IDENTIFICADOR 

,           line 73 column 126-127 is COMA 

MAXSIZE           line 73 column 128-135 is IDENTIFICADOR 

=           line 73 column 136-137 is ASIGNAR 

2048           line 73 column 138-142 is CONSTANTE_ENTERA 

GB           line 73 column 142-144 is IDENTIFICADOR 

,           line 73 column 145-146 is COMA 

FILEGROWTH           line 73 column 147-157 is IDENTIFICADOR 

=           line 73 column 158-159 is ASIGNAR 

.           line 73 column 160-161 is PUNTO 

12           line 73 column 161-163 is CONSTANTE_ENTERA 

E0000000002           line 73 column 163-174 is IDENTIFICADOR 

)           line 73 column 175-176 is PARENTESISDER 

GO           line 74 column 1-3 is GO 

ALTER           line 75 column 1-6 is ALTER 

DATABASE           line 75 column 7-15 is DATABASE 

[           line 75 column 16-17 is CORCHETEIZQ 

LineaDorada           line 75 column 17-28 is IDENTIFICADOR 

]           line 75 column 28-29 is CORCHETEDER 

SET           line 75 column 30-33 is SET 

COMPATIBILITY_LEVEL           line 75 column 34-53 is IDENTIFICADOR 

=           line 75 column 54-55 is ASIGNAR 

140           line 75 column 56-59 is CONSTANTE_ENTERA 

GO           line 76 column 1-3 is GO 

IF           line 77 column 1-3 is IF 

(           line 77 column 4-5 is PARENTESISIZQ 

1           line 77 column 5-6 is CONSTANTE_BOOLEANA 

=           line 77 column 7-8 is ASIGNAR 

SERVERPROPERTYGLOBALFULLTEXTSERVICEGENERALPROPERTY***Truncado por el largo***(           line 77 column 59-60 is PARENTESISIZQ 

'IsFullTextInstalled'           line 77 column 60-81 is STRING 

)           line 77 column 81-82 is PARENTESISDER 

)           line 77 column 82-83 is PARENTESISDER 

begin           line 78 column 1-6 is IDENTIFICADOR 

EXEC           line 79 column 1-5 is EXEC 

[           line 79 column 6-7 is CORCHETEIZQ 

LineaDorada           line 79 column 7-18 is IDENTIFICADOR 

]           line 79 column 18-19 is CORCHETEDER 

.           line 79 column 19-20 is PUNTO 

[           line 79 column 20-21 is CORCHETEIZQ 

dbo           line 79 column 21-24 is IDENTIFICADOR 

]           line 79 column 24-25 is CORCHETEDER 

.           line 79 column 25-26 is PUNTO 

[           line 79 column 26-27 is CORCHETEIZQ 

sp_fulltext_database           line 79 column 27-47 is IDENTIFICADOR 

]           line 79 column 47-48 is CORCHETEDER 

@           line 79 column 49-50 is ARROBA 

action           line 79 column 50-56 is IDENTIFICADOR 

=           line 79 column 57-58 is ASIGNAR 

'enable'           line 79 column 59-67 is STRING 

end           line 80 column 1-4 is IDENTIFICADOR 

GO           line 81 column 1-3 is GO 

DECLARE           line 83 column 1-8 is DECLARE 

@           line 83 column 9-10 is ARROBA 

number           line 83 column 10-16 is IDENTIFICADOR 

INT           line 83 column 17-20 is INT 

;           line 83 column 20-21 is PUNTOYCOMA 

SET           line 84 column 1-4 is SET 

@           line 84 column 5-6 is ARROBA 

number           line 84 column 6-12 is IDENTIFICADOR 

=           line 84 column 13-14 is ASIGNAR 

-           line 84 column 15-16 is RESTA 

0000000000000000000000000000001           line 84 column 16-47 is CONSTANTE_ENTERA 

;           line 84 column 47-48 is PUNTOYCOMA 

*** Error line 86** Unrecognized char: '/* comment without ending, should continue'

*** Error line 86** Unrecognized char: '
'

DECLARE           line 88 column 1-8 is DECLARE 

@           line 88 column 9-10 is ARROBA 

path           line 88 column 10-14 is IDENTIFICADOR 

VARCHAR           line 88 column 15-22 is VARCHAR 

(           line 88 column 22-23 is PARENTESISIZQ 

MAX           line 88 column 23-26 is MAX 

)           line 88 column 26-27 is PARENTESISDER 

;           line 88 column 27-28 is PUNTOYCOMA 

SET           line 89 column 1-4 is SET 

@           line 89 column 5-6 is ARROBA 

path           line 89 column 6-10 is IDENTIFICADOR 

=           line 89 column 11-12 is ASIGNAR 

*** Error line 89** Unrecognized char: '''

This           line 89 column 15-19 is IDENTIFICADOR 

a           line 89 column 20-21 is IDENTIFICADOR 

string           line 89 column 22-28 is IDENTIFICADOR 

without           line 89 column 29-36 is IDENTIFICADOR 

ending           line 89 column 37-43 is IDENTIFICADOR 

not           line 90 column 1-4 is IDENTIFICADOR 

the           line 90 column 5-8 is IDENTIFICADOR 

same           line 90 column 9-13 is IDENTIFICADOR 

string           line 90 column 14-20 is IDENTIFICADOR 

,           line 90 column 20-21 is COMA 

all           line 90 column 22-25 is IDENTIFICADOR 

should           line 90 column 26-32 is IDENTIFICADOR 

be           line 90 column 33-35 is IDENTIFICADOR 

ids           line 90 column 36-39 is IDENTIFICADOR 

except           line 90 column 40-46 is IDENTIFICADOR 

_thiserror           line 90 column 47-57 is IDENTIFICADOR 

*** Error line 90** Unrecognized char: '''

;           line 90 column 58-59 is PUNTOYCOMA 

FIN